<?xml version="1.0" encoding="UTF-8"?>
<!-- Generated by org.testng.reporters.JUnitXMLReporter -->
<testsuite hostname="apples-MacBook-Pro.local" ignored="0" name="Default test" tests="4" failures="0" timestamp="2021-03-31T09:28:39 IST" time="0.061" errors="0">
  <testcase name="test1" time="0.017" classname="com.android.SampleTest.SampleTestUsingTestNG"/>
  <testcase name="test2" time="0.002" classname="com.android.SampleTest.SampleTestUsingTestNG"/>
  <testcase name="test3" time="0.001" classname="com.android.SampleTest.SampleTestUsingTestNG"/>
  <testcase name="test4" time="0.001" classname="com.android.SampleTest.SampleTestUsingTestNG"/>
</testsuite> <!-- Default test -->
