<?xml version="1.0" encoding="UTF-8"?>
<!-- Generated by org.testng.reporters.JUnitXMLReporter -->
<testsuite hostname="apples-MacBook-Pro.local" ignored="0" name="Test" tests="1" failures="0" timestamp="2020-05-12T23:12:25 IST" time="0.131" errors="0">
  <testcase name="@BeforeTest launchApp" time="0.062" classname="com.android.SampleTest.NoBroker">
    <failure type="java.lang.NoClassDefFoundError" message="org/openqa/selenium/remote/internal/JsonToWebElementConverter">
      <![CDATA[java.lang.NoClassDefFoundError: org/openqa/selenium/remote/internal/JsonToWebElementConverter
at com.android.SampleTest.NoBroker.launchApp(NoBroker.java:33)
Caused by: java.lang.ClassNotFoundException: org.openqa.selenium.remote.internal.JsonToWebElementConverter
at java.net.URLClassLoader.findClass(URLClassLoader.java:382)
at java.lang.ClassLoader.loadClass(ClassLoader.java:418)
at sun.misc.Launcher$AppClassLoader.loadClass(Launcher.java:355)
at java.lang.ClassLoader.loadClass(ClassLoader.java:351)
... 25 more
... Removed 24 stack frames]]>
    </failure>
  </testcase> <!-- @BeforeTest launchApp -->
  <testcase name="sampleTest" time="0.0" classname="com.android.SampleTest.NoBroker">
    <skipped/>
  </testcase> <!-- sampleTest -->
</testsuite> <!-- Test -->
