<?xml version="1.0" encoding="UTF-8"?>
<!-- Generated by org.testng.reporters.JUnitXMLReporter -->
<testsuite hostname="apples-MacBook-Pro.local" ignored="2" name="Test" tests="2" failures="0" timestamp="2021-03-31T09:24:50 IST" time="0.042" errors="0">
  <testcase name="test1" time="0.007" classname="com.android.SampleTest.SampleTestUsingTestNG"/>
  <testcase name="test2" time="0.0" classname="com.android.SampleTest.SampleTestUsingTestNG"/>
  <testcase name="test4" time="0.0" classname="com.android.SampleTest.SampleTestUsingTestNG">
    <ignored/>
  </testcase> <!-- test4 -->
  <testcase name="test3" time="0.0" classname="com.android.SampleTest.SampleTestUsingTestNG">
    <ignored/>
  </testcase> <!-- test3 -->
</testsuite> <!-- Test -->
